{"meta": {"format": 3, "version": "7.13.4", "timestamp": "2026-03-13T10:59:36.270394", "branch_coverage": false, "show_contexts": false}, "files": {"src/__init__.py": {"executed_lines": [], "summary": {"covered_lines": 0, "num_statements": 0, "percent_covered": 100.0, "percent_covered_display": "100", "missing_lines": 0, "excluded_lines": 0, "percent_statements_covered": 100.0, "percent_statements_covered_display": "100"}, "missing_lines": [], "excluded_lines": [], "functions": {"": {"executed_lines": [], "summary": {"covered_lines": 0, "num_statements": 0, "percent_covered": 100.0, "percent_covered_display": "100", "missing_lines": 0, "excluded_lines": 0, "percent_statements_covered": 100.0, "percent_statements_covered_display": "100"}, "missing_lines": [], "excluded_lines": [], "start_line": 1}}, "classes": {"": {"executed_lines": [], "summary": {"covered_lines": 0, "num_statements": 0, "percent_covered": 100.0, "percent_covered_display": "100", "missing_lines": 0, "excluded_lines": 0, "percent_statements_covered": 100.0, "percent_statements_covered_display": "100"}, "missing_lines": [], "excluded_lines": [], "start_line": 1}}}, "src/api.py": {"executed_lines": [], "summary": {"covered_lines": 0, "num_statements": 203, "percent_covered": 0.0, "percent_covered_display": "0", "missing_lines": 203, "excluded_lines": 1, "percent_statements_covered": 0.0, "percent_statements_covered_display": "0"}, "missing_lines": [34, 35, 36, 37, 38, 39, 40, 42, 43, 44, 45, 46, 49, 50, 51, 61, 65, 66, 69, 70, 71, 72, 73, 76, 77, 80, 82, 85, 86, 87, 91, 98, 99, 101, 102, 103, 105, 109, 110, 111, 118, 119, 120, 121, 122, 126, 139, 140, 141, 143, 144, 145, 146, 148, 149, 150, 151, 152, 154, 155, 156, 157, 158, 159, 162, 163, 178, 179, 184, 185, 186, 187, 188, 189, 195, 196, 197, 198, 209, 210, 220, 221, 223, 224, 225, 226, 227, 228, 229, 230, 231, 232, 234, 235, 236, 237, 238, 239, 240, 242, 243, 245, 246, 247, 248, 249, 251, 252, 253, 254, 255, 257, 258, 259, 261, 268, 277, 282, 283, 285, 286, 287, 296, 297, 298, 299, 301, 302, 304, 307, 308, 309, 310, 315, 317, 318, 319, 320, 323, 326, 327, 328, 337, 338, 341, 343, 344, 354, 357, 358, 359, 368, 369, 395, 396, 399, 400, 405, 406, 411, 412, 417, 418, 420, 421, 424, 426, 429, 430, 433, 436, 446, 452, 454, 455, 458, 469, 476, 482, 483, 485, 493, 494, 514, 515, 516, 521, 523, 525, 526, 527, 528, 529, 538, 539, 544, 545, 546, 555, 556, 564, 565, 567], "excluded_lines": [370], "functions": {"startup_event": {"executed_lines": [], "summary": {"covered_lines": 0, "num_statements": 4, "percent_covered": 0.0, "percent_covered_display": "0", "missing_lines": 4, "excluded_lines": 0, "percent_statements_covered": 0.0, "percent_statements_covered_display": "0"}, "missing_lines": [101, 102, 103, 105], "excluded_lines": [], "start_line": 99}, "predict": {"executed_lines": [], "summary": {"covered_lines": 0, "num_statements": 82, "percent_covered": 0.0, "percent_covered_display": "0", "missing_lines": 82, "excluded_lines": 0, "percent_statements_covered": 0.0, "percent_statements_covered_display": "0"}, "missing_lines": [178, 179, 184, 185, 186, 187, 188, 189, 195, 196, 197, 198, 209, 210, 220, 221, 223, 224, 225, 226, 227, 228, 229, 230, 231, 232, 234, 235, 236, 237, 238, 239, 240, 242, 243, 245, 246, 247, 248, 249, 251, 252, 253, 254, 255, 257, 258, 259, 261, 268, 277, 282, 283, 285, 286, 287, 296, 297, 298, 299, 301, 302, 304, 307, 308, 309, 310, 315, 317, 318, 319, 320, 323, 326, 327, 328, 337, 338, 341, 343, 344, 354], "excluded_lines": [], "start_line": 163}, "health": {"executed_lines": [], "summary": {"covered_lines": 0, "num_statements": 1, "percent_covered": 0.0, "percent_covered_display": "0", "missing_lines": 1, "excluded_lines": 0, "percent_statements_covered": 0.0, "percent_statements_covered_display": "0"}, "missing_lines": [359], "excluded_lines": [], "start_line": 358}, "multipredict": {"executed_lines": [], "summary": {"covered_lines": 0, "num_statements": 28, "percent_covered": 0.0, "percent_covered_display": "0", "missing_lines": 28, "excluded_lines": 1, "percent_statements_covered": 0.0, "percent_statements_covered_display": "0"}, "missing_lines": [395, 396, 399, 400, 405, 406, 411, 412, 417, 418, 420, 421, 424, 426, 429, 430, 433, 436, 446, 452, 454, 455, 458, 469, 476, 482, 483, 485], "excluded_lines": [370], "start_line": 369}, "archive_logs_endpoint": {"executed_lines": [], "summary": {"covered_lines": 0, "num_statements": 15, "percent_covered": 0.0, "percent_covered_display": "0", "missing_lines": 15, "excluded_lines": 0, "percent_statements_covered": 0.0, "percent_statements_covered_display": "0"}, "missing_lines": [514, 515, 516, 521, 523, 525, 526, 527, 528, 529, 538, 539, 544, 545, 546], "excluded_lines": [], "start_line": 494}, "health_detailed": {"executed_lines": [], "summary": {"covered_lines": 0, "num_statements": 3, "percent_covered": 0.0, "percent_covered_display": "0", "missing_lines": 3, "excluded_lines": 0, "percent_statements_covered": 0.0, "percent_statements_covered_display": "0"}, "missing_lines": [564, 565, 567], "excluded_lines": [], "start_line": 556}, "": {"executed_lines": [], "summary": {"covered_lines": 0, "num_statements": 70, "percent_covered": 0.0, "percent_covered_display": "0", "missing_lines": 70, "excluded_lines": 0, "percent_statements_covered": 0.0, "percent_statements_covered_display": "0"}, "missing_lines": [34, 35, 36, 37, 38, 39, 40, 42, 43, 44, 45, 46, 49, 50, 51, 61, 65, 66, 69, 70, 71, 72, 73, 76, 77, 80, 82, 85, 86, 87, 91, 98, 99, 109, 110, 111, 118, 119, 120, 121, 122, 126, 139, 140, 141, 143, 144, 145, 146, 148, 149, 150, 151, 152, 154, 155, 156, 157, 158, 159, 162, 163, 357, 358, 368, 369, 493, 494, 555, 556], "excluded_lines": [], "start_line": 1}}, "classes": {"PredictionRequest": {"executed_lines": [], "summary": {"covered_lines": 0, "num_statements": 0, "percent_covered": 100.0, "percent_covered_display": "100", "missing_lines": 0, "excluded_lines": 0, "percent_statements_covered": 100.0, "percent_statements_covered_display": "100"}, "missing_lines": [], "excluded_lines": [], "start_line": 76}, "MultiPredictRequest": {"executed_lines": [], "summary": {"covered_lines": 0, "num_statements": 0, "percent_covered": 100.0, "percent_covered_display": "100", "missing_lines": 0, "excluded_lines": 0, "percent_statements_covered": 100.0, "percent_statements_covered_display": "100"}, "missing_lines": [], "excluded_lines": [], "start_line": 80}, "PredictionResponse": {"executed_lines": [], "summary": {"covered_lines": 0, "num_statements": 0, "percent_covered": 100.0, "percent_covered_display": "100", "missing_lines": 0, "excluded_lines": 0, "percent_statements_covered": 100.0, "percent_statements_covered_display": "100"}, "missing_lines": [], "excluded_lines": [], "start_line": 85}, "": {"executed_lines": [], "summary": {"covered_lines": 0, "num_statements": 203, "percent_covered": 0.0, "percent_covered_display": "0", "missing_lines": 203, "excluded_lines": 1, "percent_statements_covered": 0.0, "percent_statements_covered_display": "0"}, "missing_lines": [34, 35, 36, 37, 38, 39, 40, 42, 43, 44, 45, 46, 49, 50, 51, 61, 65, 66, 69, 70, 71, 72, 73, 76, 77, 80, 82, 85, 86, 87, 91, 98, 99, 101, 102, 103, 105, 109, 110, 111, 118, 119, 120, 121, 122, 126, 139, 140, 141, 143, 144, 145, 146, 148, 149, 150, 151, 152, 154, 155, 156, 157, 158, 159, 162, 163, 178, 179, 184, 185, 186, 187, 188, 189, 195, 196, 197, 198, 209, 210, 220, 221, 223, 224, 225, 226, 227, 228, 229, 230, 231, 232, 234, 235, 236, 237, 238, 239, 240, 242, 243, 245, 246, 247, 248, 249, 251, 252, 253, 254, 255, 257, 258, 259, 261, 268, 277, 282, 283, 285, 286, 287, 296, 297, 298, 299, 301, 302, 304, 307, 308, 309, 310, 315, 317, 318, 319, 320, 323, 326, 327, 328, 337, 338, 341, 343, 344, 354, 357, 358, 359, 368, 369, 395, 396, 399, 400, 405, 406, 411, 412, 417, 418, 420, 421, 424, 426, 429, 430, 433, 436, 446, 452, 454, 455, 458, 469, 476, 482, 483, 485, 493, 494, 514, 515, 516, 521, 523, 525, 526, 527, 528, 529, 538, 539, 544, 545, 546, 555, 556, 564, 565, 567], "excluded_lines": [370], "start_line": 1}}}, "src/data_loader.py": {"executed_lines": [], "summary": {"covered_lines": 0, "num_statements": 115, "percent_covered": 0.0, "percent_covered_display": "0", "missing_lines": 115, "excluded_lines": 0, "percent_statements_covered": 0.0, "percent_statements_covered_display": "0"}, "missing_lines": [17, 18, 19, 22, 36, 37, 40, 41, 44, 46, 52, 71, 74, 78, 91, 94, 96, 98, 101, 103, 106, 109, 112, 115, 140, 141, 145, 147, 161, 163, 166, 171, 172, 174, 176, 177, 179, 180, 182, 184, 185, 187, 188, 190, 192, 193, 195, 196, 198, 200, 201, 203, 204, 206, 208, 209, 212, 214, 215, 218, 221, 233, 247, 250, 253, 254, 259, 264, 267, 270, 273, 282, 292, 294, 297, 298, 301, 303, 305, 308, 311, 319, 329, 331, 334, 335, 338, 340, 342, 344, 347, 353, 366, 368, 371, 372, 375, 377, 379, 381, 384, 392, 395, 408, 411, 415, 418, 425, 427, 430, 431, 434, 436, 438, 440], "excluded_lines": [], "functions": {"_read_csv_with_encoding": {"executed_lines": [], "summary": {"covered_lines": 0, "num_statements": 6, "percent_covered": 0.0, "percent_covered_display": "0", "missing_lines": 6, "excluded_lines": 0, "percent_statements_covered": 0.0, "percent_statements_covered_display": "0"}, "missing_lines": [36, 37, 40, 41, 44, 46], "excluded_lines": [], "start_line": 22}, "load_data": {"executed_lines": [], "summary": {"covered_lines": 0, "num_statements": 12, "percent_covered": 0.0, "percent_covered_display": "0", "missing_lines": 12, "excluded_lines": 0, "percent_statements_covered": 0.0, "percent_statements_covered_display": "0"}, "missing_lines": [71, 74, 78, 91, 94, 96, 98, 101, 103, 106, 109, 112], "excluded_lines": [], "start_line": 52}, "merge_all_data": {"executed_lines": [], "summary": {"covered_lines": 0, "num_statements": 33, "percent_covered": 0.0, "percent_covered_display": "0", "missing_lines": 33, "excluded_lines": 0, "percent_statements_covered": 0.0, "percent_statements_covered_display": "0"}, "missing_lines": [140, 141, 145, 147, 171, 172, 174, 176, 177, 179, 180, 182, 184, 185, 187, 188, 190, 192, 193, 195, 196, 198, 200, 201, 203, 204, 206, 208, 209, 212, 214, 215, 218], "excluded_lines": [], "start_line": 115}, "merge_all_data.safe_merge": {"executed_lines": [], "summary": {"covered_lines": 0, "num_statements": 3, "percent_covered": 0.0, "percent_covered_display": "0", "missing_lines": 3, "excluded_lines": 0, "percent_statements_covered": 0.0, "percent_statements_covered_display": "0"}, "missing_lines": [161, 163, 166], "excluded_lines": [], "start_line": 147}, "aggregate_bureau": {"executed_lines": [], "summary": {"covered_lines": 0, "num_statements": 9, "percent_covered": 0.0, "percent_covered_display": "0", "missing_lines": 9, "excluded_lines": 0, "percent_statements_covered": 0.0, "percent_statements_covered_display": "0"}, "missing_lines": [233, 247, 250, 253, 254, 259, 264, 267, 270], "excluded_lines": [], "start_line": 221}, "aggregate_previous_application": {"executed_lines": [], "summary": {"covered_lines": 0, "num_statements": 9, "percent_covered": 0.0, "percent_covered_display": "0", "missing_lines": 9, "excluded_lines": 0, "percent_statements_covered": 0.0, "percent_statements_covered_display": "0"}, "missing_lines": [282, 292, 294, 297, 298, 301, 303, 305, 308], "excluded_lines": [], "start_line": 273}, "aggregate_pos_cash": {"executed_lines": [], "summary": {"covered_lines": 0, "num_statements": 9, "percent_covered": 0.0, "percent_covered_display": "0", "missing_lines": 9, "excluded_lines": 0, "percent_statements_covered": 0.0, "percent_statements_covered_display": "0"}, "missing_lines": [319, 329, 331, 334, 335, 338, 340, 342, 344], "excluded_lines": [], "start_line": 311}, "aggregate_credit_card": {"executed_lines": [], "summary": {"covered_lines": 0, "num_statements": 9, "percent_covered": 0.0, "percent_covered_display": "0", "missing_lines": 9, "excluded_lines": 0, "percent_statements_covered": 0.0, "percent_statements_covered_display": "0"}, "missing_lines": [353, 366, 368, 371, 372, 375, 377, 379, 381], "excluded_lines": [], "start_line": 347}, "aggregate_installments": {"executed_lines": [], "summary": {"covered_lines": 0, "num_statements": 14, "percent_covered": 0.0, "percent_covered_display": "0", "missing_lines": 14, "excluded_lines": 0, "percent_statements_covered": 0.0, "percent_statements_covered_display": "0"}, "missing_lines": [392, 395, 408, 411, 415, 418, 425, 427, 430, 431, 434, 436, 438, 440], "excluded_lines": [], "start_line": 384}, "": {"executed_lines": [], "summary": {"covered_lines": 0, "num_statements": 11, "percent_covered": 0.0, "percent_covered_display": "0", "missing_lines": 11, "excluded_lines": 0, "percent_statements_covered": 0.0, "percent_statements_covered_display": "0"}, "missing_lines": [17, 18, 19, 22, 52, 115, 221, 273, 311, 347, 384], "excluded_lines": [], "start_line": 1}}, "classes": {"": {"executed_lines": [], "summary": {"covered_lines": 0, "num_statements": 115, "percent_covered": 0.0, "percent_covered_display": "0", "missing_lines": 115, "excluded_lines": 0, "percent_statements_covered": 0.0, "percent_statements_covered_display": "0"}, "missing_lines": [17, 18, 19, 22, 36, 37, 40, 41, 44, 46, 52, 71, 74, 78, 91, 94, 96, 98, 101, 103, 106, 109, 112, 115, 140, 141, 145, 147, 161, 163, 166, 171, 172, 174, 176, 177, 179, 180, 182, 184, 185, 187, 188, 190, 192, 193, 195, 196, 198, 200, 201, 203, 204, 206, 208, 209, 212, 214, 215, 218, 221, 233, 247, 250, 253, 254, 259, 264, 267, 270, 273, 282, 292, 294, 297, 298, 301, 303, 305, 308, 311, 319, 329, 331, 334, 335, 338, 340, 342, 344, 347, 353, 366, 368, 371, 372, 375, 377, 379, 381, 384, 392, 395, 408, 411, 415, 418, 425, 427, 430, 431, 434, 436, 438, 440], "excluded_lines": [], "start_line": 1}}}, "src/database.py": {"executed_lines": [], "summary": {"covered_lines": 0, "num_statements": 163, "percent_covered": 0.0, "percent_covered_display": "0", "missing_lines": 163, "excluded_lines": 0, "percent_statements_covered": 0.0, "percent_statements_covered_display": "0"}, "missing_lines": [51, 52, 53, 54, 55, 56, 59, 60, 61, 62, 64, 69, 71, 79, 89, 110, 130, 137, 149, 152, 220, 221, 223, 230, 241, 242, 243, 245, 246, 247, 248, 249, 250, 251, 254, 310, 311, 313, 329, 330, 347, 350, 351, 353, 354, 356, 357, 360, 362, 364, 365, 366, 367, 368, 369, 370, 373, 411, 412, 414, 431, 432, 434, 435, 450, 452, 453, 454, 457, 467, 468, 471, 473, 476, 479, 488, 489, 490, 493, 498, 499, 500, 502, 504, 511, 512, 513, 514, 515, 516, 517, 520, 533, 534, 536, 543, 550, 551, 552, 554, 555, 556, 557, 558, 559, 560, 563, 583, 584, 586, 593, 602, 603, 606, 607, 618, 620, 621, 622, 623, 624, 625, 626, 629, 640, 641, 643, 644, 645, 647, 662, 664, 665, 666, 676, 677, 679, 680, 681, 684, 694, 695, 697, 703, 704, 705, 706, 708, 709, 710, 711, 712, 713, 714, 717, 724, 725, 726, 727, 728, 729, 730, 731], "excluded_lines": [], "functions": {"get_local_now": {"executed_lines": [], "summary": {"covered_lines": 0, "num_statements": 1, "percent_covered": 0.0, "percent_covered_display": "0", "missing_lines": 1, "excluded_lines": 0, "percent_statements_covered": 0.0, "percent_statements_covered_display": "0"}, "missing_lines": [79], "excluded_lines": [], "start_line": 71}, "get_db_session": {"executed_lines": [], "summary": {"covered_lines": 0, "num_statements": 1, "percent_covered": 0.0, "percent_covered_display": "0", "missing_lines": 1, "excluded_lines": 0, "percent_statements_covered": 0.0, "percent_statements_covered_display": "0"}, "missing_lines": [149], "excluded_lines": [], "start_line": 137}, "log_prediction_to_db": {"executed_lines": [], "summary": {"covered_lines": 0, "num_statements": 14, "percent_covered": 0.0, "percent_covered_display": "0", "missing_lines": 14, "excluded_lines": 0, "percent_statements_covered": 0.0, "percent_statements_covered_display": "0"}, "missing_lines": [220, 221, 223, 230, 241, 242, 243, 245, 246, 247, 248, 249, 250, 251], "excluded_lines": [], "start_line": 152}, "get_logs_as_dataframe": {"executed_lines": [], "summary": {"covered_lines": 0, "num_statements": 21, "percent_covered": 0.0, "percent_covered_display": "0", "missing_lines": 21, "excluded_lines": 0, "percent_statements_covered": 0.0, "percent_statements_covered_display": "0"}, "missing_lines": [310, 311, 313, 329, 330, 347, 350, 351, 353, 354, 356, 357, 360, 362, 364, 365, 366, 367, 368, 369, 370], "excluded_lines": [], "start_line": 254}, "get_prediction_stats": {"executed_lines": [], "summary": {"covered_lines": 0, "num_statements": 11, "percent_covered": 0.0, "percent_covered_display": "0", "missing_lines": 11, "excluded_lines": 0, "percent_statements_covered": 0.0, "percent_statements_covered_display": "0"}, "missing_lines": [411, 412, 414, 431, 432, 434, 435, 450, 452, 453, 454], "excluded_lines": [], "start_line": 373}, "archive_logs": {"executed_lines": [], "summary": {"covered_lines": 0, "num_statements": 22, "percent_covered": 0.0, "percent_covered_display": "0", "missing_lines": 22, "excluded_lines": 0, "percent_statements_covered": 0.0, "percent_statements_covered_display": "0"}, "missing_lines": [467, 468, 471, 473, 476, 479, 488, 489, 490, 493, 498, 499, 500, 502, 504, 511, 512, 513, 514, 515, 516, 517], "excluded_lines": [], "start_line": 457}, "create_alert": {"executed_lines": [], "summary": {"covered_lines": 0, "num_statements": 14, "percent_covered": 0.0, "percent_covered_display": "0", "missing_lines": 14, "excluded_lines": 0, "percent_statements_covered": 0.0, "percent_statements_covered_display": "0"}, "missing_lines": [533, 534, 536, 543, 550, 551, 552, 554, 555, 556, 557, 558, 559, 560], "excluded_lines": [], "start_line": 520}, "record_drift_detection": {"executed_lines": [], "summary": {"covered_lines": 0, "num_statements": 16, "percent_covered": 0.0, "percent_covered_display": "0", "missing_lines": 16, "excluded_lines": 0, "percent_statements_covered": 0.0, "percent_statements_covered_display": "0"}, "missing_lines": [583, 584, 586, 593, 602, 603, 606, 607, 618, 620, 621, 622, 623, 624, 625, 626], "excluded_lines": [], "start_line": 563}, "get_recent_alerts": {"executed_lines": [], "summary": {"covered_lines": 0, "num_statements": 15, "percent_covered": 0.0, "percent_covered_display": "0", "missing_lines": 15, "excluded_lines": 0, "percent_statements_covered": 0.0, "percent_statements_covered_display": "0"}, "missing_lines": [640, 641, 643, 644, 645, 647, 662, 664, 665, 666, 676, 677, 679, 680, 681], "excluded_lines": [], "start_line": 629}, "acknowledge_alert": {"executed_lines": [], "summary": {"covered_lines": 0, "num_statements": 14, "percent_covered": 0.0, "percent_covered_display": "0", "missing_lines": 14, "excluded_lines": 0, "percent_statements_covered": 0.0, "percent_statements_covered_display": "0"}, "missing_lines": [694, 695, 697, 703, 704, 705, 706, 708, 709, 710, 711, 712, 713, 714], "excluded_lines": [], "start_line": 684}, "test_connection": {"executed_lines": [], "summary": {"covered_lines": 0, "num_statements": 8, "percent_covered": 0.0, "percent_covered_display": "0", "missing_lines": 8, "excluded_lines": 0, "percent_statements_covered": 0.0, "percent_statements_covered_display": "0"}, "missing_lines": [724, 725, 726, 727, 728, 729, 730, 731], "excluded_lines": [], "start_line": 717}, "": {"executed_lines": [], "summary": {"covered_lines": 0, "num_statements": 26, "percent_covered": 0.0, "percent_covered_display": "0", "missing_lines": 26, "excluded_lines": 0, "percent_statements_covered": 0.0, "percent_statements_covered_display": "0"}, "missing_lines": [51, 52, 53, 54, 55, 56, 59, 60, 61, 62, 64, 69, 71, 89, 110, 130, 137, 152, 254, 373, 457, 520, 563, 629, 684, 717], "excluded_lines": [], "start_line": 1}}, "classes": {"": {"executed_lines": [], "summary": {"covered_lines": 0, "num_statements": 163, "percent_covered": 0.0, "percent_covered_display": "0", "missing_lines": 163, "excluded_lines": 0, "percent_statements_covered": 0.0, "percent_statements_covered_display": "0"}, "missing_lines": [51, 52, 53, 54, 55, 56, 59, 60, 61, 62, 64, 69, 71, 79, 89, 110, 130, 137, 149, 152, 220, 221, 223, 230, 241, 242, 243, 245, 246, 247, 248, 249, 250, 251, 254, 310, 311, 313, 329, 330, 347, 350, 351, 353, 354, 356, 357, 360, 362, 364, 365, 366, 367, 368, 369, 370, 373, 411, 412, 414, 431, 432, 434, 435, 450, 452, 453, 454, 457, 467, 468, 471, 473, 476, 479, 488, 489, 490, 493, 498, 499, 500, 502, 504, 511, 512, 513, 514, 515, 516, 517, 520, 533, 534, 536, 543, 550, 551, 552, 554, 555, 556, 557, 558, 559, 560, 563, 583, 584, 586, 593, 602, 603, 606, 607, 618, 620, 621, 622, 623, 624, 625, 626, 629, 640, 641, 643, 644, 645, 647, 662, 664, 665, 666, 676, 677, 679, 680, 681, 684, 694, 695, 697, 703, 704, 705, 706, 708, 709, 710, 711, 712, 713, 714, 717, 724, 725, 726, 727, 728, 729, 730, 731], "excluded_lines": [], "start_line": 1}}}, "src/feature_engineering.py": {"executed_lines": [16, 17, 20, 40, 47, 49, 53, 54, 58, 59, 63, 64, 70, 73, 76, 77, 80, 87, 88, 102, 103, 109, 112, 131, 136, 142, 146], "summary": {"covered_lines": 27, "num_statements": 34, "percent_covered": 79.41176470588235, "percent_covered_display": "79", "missing_lines": 7, "excluded_lines": 0, "percent_statements_covered": 79.41176470588235, "percent_statements_covered_display": "79"}, "missing_lines": [90, 92, 94, 96, 106, 138, 143], "excluded_lines": [], "functions": {"create_ratio_features": {"executed_lines": [40, 47, 49, 53, 54, 58, 59, 63, 64, 70, 73, 76, 77, 80, 87, 88, 102, 103, 109], "summary": {"covered_lines": 19, "num_statements": 24, "percent_covered": 79.16666666666667, "percent_covered_display": "79", "missing_lines": 5, "excluded_lines": 0, "percent_statements_covered": 79.16666666666667, "percent_statements_covered_display": "79"}, "missing_lines": [90, 92, 94, 96, 106], "excluded_lines": [], "start_line": 20}, "create_interaction_features": {"executed_lines": [131, 136, 142, 146], "summary": {"covered_lines": 4, "num_statements": 6, "percent_covered": 66.66666666666667, "percent_covered_display": "67", "missing_lines": 2, "excluded_lines": 0, "percent_statements_covered": 66.66666666666667, "percent_statements_covered_display": "67"}, "missing_lines": [138, 143], "excluded_lines": [], "start_line": 112}, "": {"executed_lines": [16, 17, 20, 112], "summary": {"covered_lines": 4, "num_statements": 4, "percent_covered": 100.0, "percent_covered_display": "100", "missing_lines": 0, "excluded_lines": 0, "percent_statements_covered": 100.0, "percent_statements_covered_display": "100"}, "missing_lines": [], "excluded_lines": [], "start_line": 1}}, "classes": {"": {"executed_lines": [16, 17, 20, 40, 47, 49, 53, 54, 58, 59, 63, 64, 70, 73, 76, 77, 80, 87, 88, 102, 103, 109, 112, 131, 136, 142, 146], "summary": {"covered_lines": 27, "num_statements": 34, "percent_covered": 79.41176470588235, "percent_covered_display": "79", "missing_lines": 7, "excluded_lines": 0, "percent_statements_covered": 79.41176470588235, "percent_statements_covered_display": "79"}, "missing_lines": [90, 92, 94, 96, 106, 138, 143], "excluded_lines": [], "start_line": 1}}}, "src/inference.py": {"executed_lines": [35, 36, 38, 39, 40, 42, 45, 47, 48, 49, 51, 52, 55, 57, 58, 59, 63, 71, 88, 90, 91, 101, 102, 105, 110, 149, 151, 159, 160, 161, 162, 163, 164, 165, 166, 170], "summary": {"covered_lines": 36, "num_statements": 85, "percent_covered": 42.35294117647059, "percent_covered_display": "42", "missing_lines": 49, "excluded_lines": 0, "percent_statements_covered": 42.35294117647059, "percent_statements_covered_display": "42"}, "missing_lines": [60, 61, 62, 64, 65, 66, 67, 68, 103, 106, 107, 108, 111, 113, 114, 115, 116, 117, 118, 119, 120, 121, 122, 124, 125, 126, 127, 128, 129, 130, 131, 132, 133, 134, 135, 136, 137, 138, 139, 140, 141, 142, 143, 144, 145, 146, 152, 167, 168], "excluded_lines": [], "functions": {"_load_artifacts": {"executed_lines": [57, 58, 59, 63], "summary": {"covered_lines": 4, "num_statements": 12, "percent_covered": 33.333333333333336, "percent_covered_display": "33", "missing_lines": 8, "excluded_lines": 0, "percent_statements_covered": 33.333333333333336, "percent_statements_covered_display": "33"}, "missing_lines": [60, 61, 62, 64, 65, 66, 67, 68], "excluded_lines": [], "start_line": 55}, "predict_proba": {"executed_lines": [88, 90, 91, 101, 102, 105, 110, 149, 151, 159, 160, 161, 162, 163, 164, 165, 166, 170], "summary": {"covered_lines": 18, "num_statements": 59, "percent_covered": 30.508474576271187, "percent_covered_display": "31", "missing_lines": 41, "excluded_lines": 0, "percent_statements_covered": 30.508474576271187, "percent_statements_covered_display": "31"}, "missing_lines": [103, 106, 107, 108, 111, 113, 114, 115, 116, 117, 118, 119, 120, 121, 122, 124, 125, 126, 127, 128, 129, 130, 131, 132, 133, 134, 135, 136, 137, 138, 139, 140, 141, 142, 143, 144, 145, 146, 152, 167, 168], "excluded_lines": [], "start_line": 71}, "": {"executed_lines": [35, 36, 38, 39, 40, 42, 45, 47, 48, 49, 51, 52, 55, 71], "summary": {"covered_lines": 14, "num_statements": 14, "percent_covered": 100.0, "percent_covered_display": "100", "missing_lines": 0, "excluded_lines": 0, "percent_statements_covered": 100.0, "percent_statements_covered_display": "100"}, "missing_lines": [], "excluded_lines": [], "start_line": 1}}, "classes": {"": {"executed_lines": [35, 36, 38, 39, 40, 42, 45, 47, 48, 49, 51, 52, 55, 57, 58, 59, 63, 71, 88, 90, 91, 101, 102, 105, 110, 149, 151, 159, 160, 161, 162, 163, 164, 165, 166, 170], "summary": {"covered_lines": 36, "num_statements": 85, "percent_covered": 42.35294117647059, "percent_covered_display": "42", "missing_lines": 49, "excluded_lines": 0, "percent_statements_covered": 42.35294117647059, "percent_statements_covered_display": "42"}, "missing_lines": [60, 61, 62, 64, 65, 66, 67, 68, 103, 106, 107, 108, 111, 113, 114, 115, 116, 117, 118, 119, 120, 121, 122, 124, 125, 126, 127, 128, 129, 130, 131, 132, 133, 134, 135, 136, 137, 138, 139, 140, 141, 142, 143, 144, 145, 146, 152, 167, 168], "excluded_lines": [], "start_line": 1}}}, "src/metrics.py": {"executed_lines": [18, 20, 29, 32, 60, 65, 70, 75, 80, 85, 86, 91, 94, 96, 98, 100, 105, 109, 112, 113, 114, 117, 119, 122, 128, 130, 132, 135, 138], "summary": {"covered_lines": 29, "num_statements": 55, "percent_covered": 52.72727272727273, "percent_covered_display": "53", "missing_lines": 26, "excluded_lines": 0, "percent_statements_covered": 52.72727272727273, "percent_statements_covered_display": "53"}, "missing_lines": [152, 153, 154, 157, 160, 161, 162, 163, 165, 166, 169, 170, 171, 172, 173, 176, 178, 180, 181, 183, 184, 186, 187, 188, 189, 192], "excluded_lines": [], "functions": {"evaluate_model": {"executed_lines": [60, 65, 70, 75, 80, 85, 86, 91, 94, 96, 98, 100, 105, 109, 112, 113, 114, 117, 119, 122, 128, 130, 132, 135], "summary": {"covered_lines": 24, "num_statements": 24, "percent_covered": 100.0, "percent_covered_display": "100", "missing_lines": 0, "excluded_lines": 0, "percent_statements_covered": 100.0, "percent_statements_covered_display": "100"}, "missing_lines": [], "excluded_lines": [], "start_line": 32}, "print_metrics": {"executed_lines": [], "summary": {"covered_lines": 0, "num_statements": 26, "percent_covered": 0.0, "percent_covered_display": "0", "missing_lines": 26, "excluded_lines": 0, "percent_statements_covered": 0.0, "percent_statements_covered_display": "0"}, "missing_lines": [152, 153, 154, 157, 160, 161, 162, 163, 165, 166, 169, 170, 171, 172, 173, 176, 178, 180, 181, 183, 184, 186, 187, 188, 189, 192], "excluded_lines": [], "start_line": 138}, "": {"executed_lines": [18, 20, 29, 32, 138], "summary": {"covered_lines": 5, "num_statements": 5, "percent_covered": 100.0, "percent_covered_display": "100", "missing_lines": 0, "excluded_lines": 0, "percent_statements_covered": 100.0, "percent_statements_covered_display": "100"}, "missing_lines": [], "excluded_lines": [], "start_line": 1}}, "classes": {"": {"executed_lines": [18, 20, 29, 32, 60, 65, 70, 75, 80, 85, 86, 91, 94, 96, 98, 100, 105, 109, 112, 113, 114, 117, 119, 122, 128, 130, 132, 135, 138], "summary": {"covered_lines": 29, "num_statements": 55, "percent_covered": 52.72727272727273, "percent_covered_display": "53", "missing_lines": 26, "excluded_lines": 0, "percent_statements_covered": 52.72727272727273, "percent_statements_covered_display": "53"}, "missing_lines": [152, 153, 154, 157, 160, 161, 162, 163, 165, 166, 169, 170, 171, 172, 173, 176, 178, 180, 181, 183, 184, 186, 187, 188, 189, 192], "excluded_lines": [], "start_line": 1}}}, "src/monitoring.py": {"executed_lines": [], "summary": {"covered_lines": 0, "num_statements": 179, "percent_covered": 0.0, "percent_covered_display": "0", "missing_lines": 179, "excluded_lines": 0, "percent_statements_covered": 0.0, "percent_statements_covered_display": "0"}, "missing_lines": [14, 15, 16, 17, 18, 19, 20, 25, 27, 35, 38, 58, 59, 61, 63, 64, 66, 67, 68, 69, 70, 71, 72, 73, 74, 75, 76, 78, 79, 82, 85, 86, 88, 91, 105, 106, 108, 110, 111, 124, 133, 134, 135, 136, 139, 140, 141, 144, 145, 146, 147, 149, 151, 152, 160, 161, 164, 165, 166, 169, 171, 174, 192, 193, 195, 196, 203, 204, 205, 208, 209, 216, 217, 223, 224, 225, 226, 233, 236, 237, 239, 240, 241, 242, 243, 245, 246, 247, 248, 250, 251, 252, 259, 260, 261, 262, 263, 266, 267, 269, 270, 271, 272, 273, 274, 275, 276, 278, 288, 292, 294, 295, 298, 299, 300, 302, 303, 304, 306, 307, 308, 309, 311, 314, 316, 317, 318, 319, 320, 321, 322, 323, 324, 325, 327, 328, 329, 330, 331, 332, 333, 335, 336, 338, 339, 340, 341, 342, 343, 344, 345, 346, 347, 349, 350, 351, 352, 353, 354, 355, 357, 358, 360, 362, 370, 373, 374, 375, 376, 377, 378, 379, 380, 382, 383, 384, 386, 388, 569], "excluded_lines": [], "functions": {"get_local_now": {"executed_lines": [], "summary": {"covered_lines": 0, "num_statements": 1, "percent_covered": 0.0, "percent_covered_display": "0", "missing_lines": 1, "excluded_lines": 0, "percent_statements_covered": 0.0, "percent_statements_covered_display": "0"}, "missing_lines": [35], "excluded_lines": [], "start_line": 27}, "load_api_logs": {"executed_lines": [], "summary": {"covered_lines": 0, "num_statements": 22, "percent_covered": 0.0, "percent_covered_display": "0", "missing_lines": 22, "excluded_lines": 0, "percent_statements_covered": 0.0, "percent_statements_covered_display": "0"}, "missing_lines": [58, 59, 61, 63, 64, 66, 67, 68, 69, 70, 71, 72, 73, 74, 75, 76, 78, 79, 82, 85, 86, 88], "excluded_lines": [], "start_line": 38}, "compute_prediction_stats": {"executed_lines": [], "summary": {"covered_lines": 0, "num_statements": 12, "percent_covered": 0.0, "percent_covered_display": "0", "missing_lines": 12, "excluded_lines": 0, "percent_statements_covered": 0.0, "percent_statements_covered_display": "0"}, "missing_lines": [105, 106, 108, 151, 152, 160, 161, 164, 165, 166, 169, 171], "excluded_lines": [], "start_line": 91}, "compute_prediction_stats.compute_stats_for_df": {"executed_lines": [], "summary": {"covered_lines": 0, "num_statements": 15, "percent_covered": 0.0, "percent_covered_display": "0", "missing_lines": 15, "excluded_lines": 0, "percent_statements_covered": 0.0, "percent_statements_covered_display": "0"}, "missing_lines": [110, 111, 124, 133, 134, 135, 136, 139, 140, 141, 144, 145, 146, 147, 149], "excluded_lines": [], "start_line": 108}, "detect_data_drift": {"executed_lines": [], "summary": {"covered_lines": 0, "num_statements": 46, "percent_covered": 0.0, "percent_covered_display": "0", "missing_lines": 46, "excluded_lines": 0, "percent_statements_covered": 0.0, "percent_statements_covered_display": "0"}, "missing_lines": [192, 193, 195, 196, 203, 204, 205, 208, 209, 216, 217, 223, 224, 225, 226, 233, 236, 237, 239, 240, 241, 242, 243, 245, 246, 247, 248, 250, 251, 252, 259, 260, 261, 262, 263, 266, 267, 269, 270, 271, 272, 273, 274, 275, 276, 278], "excluded_lines": [], "start_line": 174}, "generate_drift_columns_html": {"executed_lines": [], "summary": {"covered_lines": 0, "num_statements": 54, "percent_covered": 0.0, "percent_covered_display": "0", "missing_lines": 54, "excluded_lines": 0, "percent_statements_covered": 0.0, "percent_statements_covered_display": "0"}, "missing_lines": [292, 294, 295, 298, 299, 300, 302, 303, 304, 306, 307, 308, 309, 311, 314, 316, 317, 318, 319, 320, 321, 322, 323, 324, 325, 327, 328, 329, 330, 331, 332, 333, 335, 336, 338, 339, 340, 341, 342, 343, 344, 345, 346, 347, 349, 350, 351, 352, 353, 354, 355, 357, 358, 360], "excluded_lines": [], "start_line": 288}, "generate_html_dashboard": {"executed_lines": [], "summary": {"covered_lines": 0, "num_statements": 15, "percent_covered": 0.0, "percent_covered_display": "0", "missing_lines": 15, "excluded_lines": 0, "percent_statements_covered": 0.0, "percent_statements_covered_display": "0"}, "missing_lines": [370, 373, 374, 375, 376, 377, 378, 379, 380, 382, 383, 384, 386, 388, 569], "excluded_lines": [], "start_line": 362}, "": {"executed_lines": [], "summary": {"covered_lines": 0, "num_statements": 14, "percent_covered": 0.0, "percent_covered_display": "0", "missing_lines": 14, "excluded_lines": 0, "percent_statements_covered": 0.0, "percent_statements_covered_display": "0"}, "missing_lines": [14, 15, 16, 17, 18, 19, 20, 25, 27, 38, 91, 174, 288, 362], "excluded_lines": [], "start_line": 1}}, "classes": {"": {"executed_lines": [], "summary": {"covered_lines": 0, "num_statements": 179, "percent_covered": 0.0, "percent_covered_display": "0", "missing_lines": 179, "excluded_lines": 0, "percent_statements_covered": 0.0, "percent_statements_covered_display": "0"}, "missing_lines": [14, 15, 16, 17, 18, 19, 20, 25, 27, 35, 38, 58, 59, 61, 63, 64, 66, 67, 68, 69, 70, 71, 72, 73, 74, 75, 76, 78, 79, 82, 85, 86, 88, 91, 105, 106, 108, 110, 111, 124, 133, 134, 135, 136, 139, 140, 141, 144, 145, 146, 147, 149, 151, 152, 160, 161, 164, 165, 166, 169, 171, 174, 192, 193, 195, 196, 203, 204, 205, 208, 209, 216, 217, 223, 224, 225, 226, 233, 236, 237, 239, 240, 241, 242, 243, 245, 246, 247, 248, 250, 251, 252, 259, 260, 261, 262, 263, 266, 267, 269, 270, 271, 272, 273, 274, 275, 276, 278, 288, 292, 294, 295, 298, 299, 300, 302, 303, 304, 306, 307, 308, 309, 311, 314, 316, 317, 318, 319, 320, 321, 322, 323, 324, 325, 327, 328, 329, 330, 331, 332, 333, 335, 336, 338, 339, 340, 341, 342, 343, 344, 345, 346, 347, 349, 350, 351, 352, 353, 354, 355, 357, 358, 360, 362, 370, 373, 374, 375, 376, 377, 378, 379, 380, 382, 383, 384, 386, 388, 569], "excluded_lines": [], "start_line": 1}}}, "src/monitoring_pg.py": {"executed_lines": [], "summary": {"covered_lines": 0, "num_statements": 164, "percent_covered": 0.0, "percent_covered_display": "0", "missing_lines": 164, "excluded_lines": 0, "percent_statements_covered": 0.0, "percent_statements_covered_display": "0"}, "missing_lines": [8, 9, 10, 11, 12, 13, 14, 16, 23, 28, 36, 37, 38, 39, 40, 43, 46, 47, 48, 49, 50, 57, 58, 60, 61, 63, 64, 65, 68, 70, 73, 74, 75, 80, 82, 90, 93, 104, 105, 107, 108, 109, 112, 114, 115, 117, 118, 119, 122, 132, 133, 135, 136, 147, 149, 150, 152, 153, 155, 167, 168, 170, 171, 173, 186, 197, 198, 201, 203, 204, 210, 211, 217, 219, 220, 223, 224, 226, 227, 234, 235, 237, 239, 240, 242, 243, 244, 245, 246, 248, 250, 251, 252, 253, 254, 255, 256, 258, 260, 261, 262, 270, 271, 272, 274, 276, 278, 279, 280, 281, 282, 284, 285, 286, 287, 288, 289, 291, 292, 293, 294, 297, 298, 300, 302, 305, 306, 307, 308, 309, 310, 312, 313, 315, 326, 327, 329, 330, 333, 334, 336, 338, 340, 350, 351, 356, 357, 359, 360, 362, 364, 365, 366, 373, 385, 386, 387, 394, 458, 461, 471, 475, 476, 477], "excluded_lines": [], "functions": {"load_reference_stats": {"executed_lines": [], "summary": {"covered_lines": 0, "num_statements": 18, "percent_covered": 0.0, "percent_covered_display": "0", "missing_lines": 18, "excluded_lines": 0, "percent_statements_covered": 0.0, "percent_statements_covered_display": "0"}, "missing_lines": [36, 37, 38, 39, 40, 43, 46, 47, 48, 49, 50, 57, 58, 60, 61, 63, 64, 65], "excluded_lines": [], "start_line": 28}, "get_reference_stats": {"executed_lines": [], "summary": {"covered_lines": 0, "num_statements": 3, "percent_covered": 0.0, "percent_covered_display": "0", "missing_lines": 3, "excluded_lines": 0, "percent_statements_covered": 0.0, "percent_statements_covered_display": "0"}, "missing_lines": [73, 74, 75], "excluded_lines": [], "start_line": 70}, "get_local_now": {"executed_lines": [], "summary": {"covered_lines": 0, "num_statements": 1, "percent_covered": 0.0, "percent_covered_display": "0", "missing_lines": 1, "excluded_lines": 0, "percent_statements_covered": 0.0, "percent_statements_covered_display": "0"}, "missing_lines": [90], "excluded_lines": [], "start_line": 82}, "load_api_logs": {"executed_lines": [], "summary": {"covered_lines": 0, "num_statements": 11, "percent_covered": 0.0, "percent_covered_display": "0", "missing_lines": 11, "excluded_lines": 0, "percent_statements_covered": 0.0, "percent_statements_covered_display": "0"}, "missing_lines": [104, 105, 107, 108, 109, 112, 114, 115, 117, 118, 119], "excluded_lines": [], "start_line": 93}, "compute_prediction_stats": {"executed_lines": [], "summary": {"covered_lines": 0, "num_statements": 15, "percent_covered": 0.0, "percent_covered_display": "0", "missing_lines": 15, "excluded_lines": 0, "percent_statements_covered": 0.0, "percent_statements_covered_display": "0"}, "missing_lines": [132, 133, 135, 136, 147, 149, 150, 152, 153, 155, 167, 168, 170, 171, 173], "excluded_lines": [], "start_line": 122}, "detect_data_drift": {"executed_lines": [], "summary": {"covered_lines": 0, "num_statements": 88, "percent_covered": 0.0, "percent_covered_display": "0", "missing_lines": 88, "excluded_lines": 0, "percent_statements_covered": 0.0, "percent_statements_covered_display": "0"}, "missing_lines": [197, 198, 201, 203, 204, 210, 211, 217, 219, 220, 223, 224, 226, 227, 234, 235, 237, 239, 240, 242, 243, 244, 245, 246, 248, 250, 251, 252, 253, 254, 255, 256, 258, 260, 261, 262, 270, 271, 272, 274, 276, 278, 279, 280, 281, 282, 284, 285, 286, 287, 288, 289, 291, 292, 293, 294, 297, 298, 300, 302, 305, 306, 307, 308, 309, 310, 312, 313, 315, 326, 327, 329, 330, 333, 334, 336, 338, 340, 350, 351, 356, 357, 359, 360, 362, 364, 365, 366], "excluded_lines": [], "start_line": 186}, "generate_html_dashboard": {"executed_lines": [], "summary": {"covered_lines": 0, "num_statements": 5, "percent_covered": 0.0, "percent_covered_display": "0", "missing_lines": 5, "excluded_lines": 0, "percent_statements_covered": 0.0, "percent_statements_covered_display": "0"}, "missing_lines": [385, 386, 387, 394, 458], "excluded_lines": [], "start_line": 373}, "get_recent_alerts": {"executed_lines": [], "summary": {"covered_lines": 0, "num_statements": 1, "percent_covered": 0.0, "percent_covered_display": "0", "missing_lines": 1, "excluded_lines": 0, "percent_statements_covered": 0.0, "percent_statements_covered_display": "0"}, "missing_lines": [471], "excluded_lines": [], "start_line": 461}, "": {"executed_lines": [], "summary": {"covered_lines": 0, "num_statements": 22, "percent_covered": 0.0, "percent_covered_display": "0", "missing_lines": 22, "excluded_lines": 0, "percent_statements_covered": 0.0, "percent_statements_covered_display": "0"}, "missing_lines": [8, 9, 10, 11, 12, 13, 14, 16, 23, 28, 68, 70, 80, 82, 93, 122, 186, 373, 461, 475, 476, 477], "excluded_lines": [], "start_line": 1}}, "classes": {"": {"executed_lines": [], "summary": {"covered_lines": 0, "num_statements": 164, "percent_covered": 0.0, "percent_covered_display": "0", "missing_lines": 164, "excluded_lines": 0, "percent_statements_covered": 0.0, "percent_statements_covered_display": "0"}, "missing_lines": [8, 9, 10, 11, 12, 13, 14, 16, 23, 28, 36, 37, 38, 39, 40, 43, 46, 47, 48, 49, 50, 57, 58, 60, 61, 63, 64, 65, 68, 70, 73, 74, 75, 80, 82, 90, 93, 104, 105, 107, 108, 109, 112, 114, 115, 117, 118, 119, 122, 132, 133, 135, 136, 147, 149, 150, 152, 153, 155, 167, 168, 170, 171, 173, 186, 197, 198, 201, 203, 204, 210, 211, 217, 219, 220, 223, 224, 226, 227, 234, 235, 237, 239, 240, 242, 243, 244, 245, 246, 248, 250, 251, 252, 253, 254, 255, 256, 258, 260, 261, 262, 270, 271, 272, 274, 276, 278, 279, 280, 281, 282, 284, 285, 286, 287, 288, 289, 291, 292, 293, 294, 297, 298, 300, 302, 305, 306, 307, 308, 309, 310, 312, 313, 315, 326, 327, 329, 330, 333, 334, 336, 338, 340, 350, 351, 356, 357, 359, 360, 362, 364, 365, 366, 373, 385, 386, 387, 394, 458, 461, 471, 475, 476, 477], "excluded_lines": [], "start_line": 1}}}, "src/preprocessing.py": {"executed_lines": [17, 18, 21, 23, 26, 57, 60, 61, 64, 67, 71, 73, 79, 86, 91, 97, 100], "summary": {"covered_lines": 17, "num_statements": 17, "percent_covered": 100.0, "percent_covered_display": "100", "missing_lines": 0, "excluded_lines": 0, "percent_statements_covered": 100.0, "percent_statements_covered_display": "100"}, "missing_lines": [], "excluded_lines": [], "functions": {"scale_features": {"executed_lines": [57, 60, 61, 64, 67, 71, 73, 79, 86, 91, 97, 100], "summary": {"covered_lines": 12, "num_statements": 12, "percent_covered": 100.0, "percent_covered_display": "100", "missing_lines": 0, "excluded_lines": 0, "percent_statements_covered": 100.0, "percent_statements_covered_display": "100"}, "missing_lines": [], "excluded_lines": [], "start_line": 26}, "": {"executed_lines": [17, 18, 21, 23, 26], "summary": {"covered_lines": 5, "num_statements": 5, "percent_covered": 100.0, "percent_covered_display": "100", "missing_lines": 0, "excluded_lines": 0, "percent_statements_covered": 100.0, "percent_statements_covered_display": "100"}, "missing_lines": [], "excluded_lines": [], "start_line": 1}}, "classes": {"": {"executed_lines": [17, 18, 21, 23, 26, 57, 60, 61, 64, 67, 71, 73, 79, 86, 91, 97, 100], "summary": {"covered_lines": 17, "num_statements": 17, "percent_covered": 100.0, "percent_covered_display": "100", "missing_lines": 0, "excluded_lines": 0, "percent_statements_covered": 100.0, "percent_statements_covered_display": "100"}, "missing_lines": [], "excluded_lines": [], "start_line": 1}}}, "utils/business_cost.py": {"executed_lines": [17, 18, 21, 47, 52, 55, 58, 86, 88, 91, 125, 126, 129, 131, 133, 135, 140, 142, 145, 152], "summary": {"covered_lines": 20, "num_statements": 25, "percent_covered": 80.0, "percent_covered_display": "80", "missing_lines": 5, "excluded_lines": 0, "percent_statements_covered": 80.0, "percent_statements_covered_display": "80"}, "missing_lines": [179, 180, 181, 186, 189], "excluded_lines": [], "functions": {"calculate_business_cost": {"executed_lines": [47, 52, 55], "summary": {"covered_lines": 3, "num_statements": 3, "percent_covered": 100.0, "percent_covered_display": "100", "missing_lines": 0, "excluded_lines": 0, "percent_statements_covered": 100.0, "percent_statements_covered_display": "100"}, "missing_lines": [], "excluded_lines": [], "start_line": 21}, "calculate_business_cost_from_proba": {"executed_lines": [86, 88], "summary": {"covered_lines": 2, "num_statements": 2, "percent_covered": 100.0, "percent_covered_display": "100", "missing_lines": 0, "excluded_lines": 0, "percent_statements_covered": 100.0, "percent_statements_covered_display": "100"}, "missing_lines": [], "excluded_lines": [], "start_line": 58}, "find_optimal_threshold": {"executed_lines": [125, 126, 129, 131, 133, 135, 140, 142, 145], "summary": {"covered_lines": 9, "num_statements": 9, "percent_covered": 100.0, "percent_covered_display": "100", "missing_lines": 0, "excluded_lines": 0, "percent_statements_covered": 100.0, "percent_statements_covered_display": "100"}, "missing_lines": [], "excluded_lines": [], "start_line": 91}, "business_score": {"executed_lines": [], "summary": {"covered_lines": 0, "num_statements": 5, "percent_covered": 0.0, "percent_covered_display": "0", "missing_lines": 5, "excluded_lines": 0, "percent_statements_covered": 0.0, "percent_statements_covered_display": "0"}, "missing_lines": [179, 180, 181, 186, 189], "excluded_lines": [], "start_line": 152}, "": {"executed_lines": [17, 18, 21, 58, 91, 152], "summary": {"covered_lines": 6, "num_statements": 6, "percent_covered": 100.0, "percent_covered_display": "100", "missing_lines": 0, "excluded_lines": 0, "percent_statements_covered": 100.0, "percent_statements_covered_display": "100"}, "missing_lines": [], "excluded_lines": [], "start_line": 1}}, "classes": {"": {"executed_lines": [17, 18, 21, 47, 52, 55, 58, 86, 88, 91, 125, 126, 129, 131, 133, 135, 140, 142, 145, 152], "summary": {"covered_lines": 20, "num_statements": 25, "percent_covered": 80.0, "percent_covered_display": "80", "missing_lines": 5, "excluded_lines": 0, "percent_statements_covered": 80.0, "percent_statements_covered_display": "80"}, "missing_lines": [179, 180, 181, 186, 189], "excluded_lines": [], "start_line": 1}}}, "utils/feature_importance.py": {"executed_lines": [], "summary": {"covered_lines": 0, "num_statements": 61, "percent_covered": 0.0, "percent_covered_display": "0", "missing_lines": 61, "excluded_lines": 0, "percent_statements_covered": 0.0, "percent_statements_covered_display": "0"}, "missing_lines": [16, 17, 18, 19, 23, 24, 25, 26, 28, 29, 32, 56, 57, 62, 65, 68, 72, 81, 87, 89, 91, 92, 94, 96, 99, 102, 121, 122, 123, 129, 133, 138, 139, 145, 147, 149, 152, 155, 179, 180, 181, 184, 188, 190, 192, 193, 196, 198, 201, 213, 216, 231, 234, 240, 246, 251, 254, 256, 262, 265, 267], "excluded_lines": [], "functions": {"plot_global_feature_importance": {"executed_lines": [], "summary": {"covered_lines": 0, "num_statements": 14, "percent_covered": 0.0, "percent_covered_display": "0", "missing_lines": 14, "excluded_lines": 0, "percent_statements_covered": 0.0, "percent_statements_covered_display": "0"}, "missing_lines": [56, 57, 62, 65, 68, 72, 81, 87, 89, 91, 92, 94, 96, 99], "excluded_lines": [], "start_line": 32}, "plot_shap_summary": {"executed_lines": [], "summary": {"covered_lines": 0, "num_statements": 11, "percent_covered": 0.0, "percent_covered_display": "0", "missing_lines": 11, "excluded_lines": 0, "percent_statements_covered": 0.0, "percent_statements_covered_display": "0"}, "missing_lines": [121, 122, 123, 129, 133, 138, 139, 145, 147, 149, 152], "excluded_lines": [], "start_line": 102}, "explain_local_prediction": {"executed_lines": [], "summary": {"covered_lines": 0, "num_statements": 12, "percent_covered": 0.0, "percent_covered_display": "0", "missing_lines": 12, "excluded_lines": 0, "percent_statements_covered": 0.0, "percent_statements_covered_display": "0"}, "missing_lines": [179, 180, 181, 184, 188, 190, 192, 193, 196, 198, 201, 213], "excluded_lines": [], "start_line": 155}, "plot_waterfall_explanation": {"executed_lines": [], "summary": {"covered_lines": 0, "num_statements": 10, "percent_covered": 0.0, "percent_covered_display": "0", "missing_lines": 10, "excluded_lines": 0, "percent_statements_covered": 0.0, "percent_statements_covered_display": "0"}, "missing_lines": [231, 234, 240, 246, 251, 254, 256, 262, 265, 267], "excluded_lines": [], "start_line": 216}, "": {"executed_lines": [], "summary": {"covered_lines": 0, "num_statements": 14, "percent_covered": 0.0, "percent_covered_display": "0", "missing_lines": 14, "excluded_lines": 0, "percent_statements_covered": 0.0, "percent_statements_covered_display": "0"}, "missing_lines": [16, 17, 18, 19, 23, 24, 25, 26, 28, 29, 32, 102, 155, 216], "excluded_lines": [], "start_line": 1}}, "classes": {"": {"executed_lines": [], "summary": {"covered_lines": 0, "num_statements": 61, "percent_covered": 0.0, "percent_covered_display": "0", "missing_lines": 61, "excluded_lines": 0, "percent_statements_covered": 0.0, "percent_statements_covered_display": "0"}, "missing_lines": [16, 17, 18, 19, 23, 24, 25, 26, 28, 29, 32, 56, 57, 62, 65, 68, 72, 81, 87, 89, 91, 92, 94, 96, 99, 102, 121, 122, 123, 129, 133, 138, 139, 145, 147, 149, 152, 155, 179, 180, 181, 184, 188, 190, 192, 193, 196, 198, 201, 213, 216, 231, 234, 240, 246, 251, 254, 256, 262, 265, 267], "excluded_lines": [], "start_line": 1}}}}, "totals": {"covered_lines": 129, "num_statements": 1101, "percent_covered": 11.716621253405995, "percent_covered_display": "12", "missing_lines": 972, "excluded_lines": 1, "percent_statements_covered": 11.716621253405995, "percent_statements_covered_display": "12"}}