============================= test session starts =============================
platform win32 -- Python 3.13.5, pytest-8.3.4, pluggy-1.5.0
rootdir: G:\GITHUB\Data-Scientist-OC\PROJET08
plugins: anyio-4.7.0, Faker-40.8.0, cov-7.0.0, typeguard-4.4.4
collected 179 items

tests\test_api.py ....                                                   [  2%]
tests\test_data_loader.py ................                               [ 11%]
tests\test_feature_engineering.py ..............                         [ 18%]
tests\test_feature_engineering_advanced.py .s............                [ 26%]
tests\test_feature_importance.py sssssssssssssssssss                     [ 37%]
tests\test_feature_importance_simplified.py ...................          [ 48%]
tests\test_inference.py .....                                            [ 50%]
tests\test_inference_advanced.py ssssssssssssssssssss                    [ 62%]
tests\test_metrics.py ...........                                        [ 68%]
tests\test_metrics_advanced.py ..s.........                              [ 74%]
tests\test_monitoring_pg.py ...                                          [ 76%]
tests\test_preprocessing.py ............                                 [ 83%]
tests\test_preprocessing_advanced.py ...............                     [ 91%]
tests\test_utils.py ...........ss..                                      [100%]

============================== warnings summary ===============================
tests/test_api.py::test_health
  G:\GITHUB\Data-Scientist-OC\PROJET08\src\api.py:106: DeprecationWarning: 
          on_event is deprecated, use lifespan event handlers instead.
  
          Read more about it in the
          [FastAPI docs for Lifespan Events](https://fastapi.tiangolo.com/advanced/events/).
          
    @app.on_event("startup")

tests/test_api.py::test_health
  G:\MASTERE DATA SCIENTIST\Anaconda\Lib\site-packages\fastapi\applications.py:4576: DeprecationWarning: 
          on_event is deprecated, use lifespan event handlers instead.
  
          Read more about it in the
          [FastAPI docs for Lifespan Events](https://fastapi.tiangolo.com/advanced/events/).
          
    return self.router.on_event(event_type)

tests/test_api.py::test_health
  G:\MASTERE DATA SCIENTIST\Anaconda\Lib\pickle.py:1760: UserWarning: [21:58:13] WARNING: C:\actions-runner\_work\xgboost\xgboost\src\data\../common/error_msg.h:83: If you are loading a serialized model (like pickle in Python, RDS in R) or
  configuration generated by an older version of XGBoost, please export the model by calling
  `Booster.save_model` from that version first, then load it back in current version. See:
  
      https://xgboost.readthedocs.io/en/stable/tutorials/saving_model.html
  
  for more details about differences between saving model and serializing.
  
    setstate(state)

tests/test_feature_importance_simplified.py::TestFeatureImportanceBasic::test_handles_mock_model
  G:\GITHUB\Data-Scientist-OC\PROJET08\utils\feature_importance.py:87: FutureWarning: 
  
  Passing `palette` without assigning `hue` is deprecated and will be removed in v0.14.0. Assign the `y` variable to `hue` and set `legend=False` for the same effect.
  
    sns.barplot(data=importance_df, y='feature', x='importance', palette='viridis')

tests/test_metrics.py::TestEdgeCases::test_single_class_predictions
  G:\MASTERE DATA SCIENTIST\Anaconda\Lib\site-packages\sklearn\metrics\_ranking.py:1033: UserWarning: No positive class found in y_true, recall is set to one for all thresholds.
    warnings.warn(

tests/test_metrics.py: 71 warnings
tests/test_metrics_advanced.py: 2 warnings
  G:\MASTERE DATA SCIENTIST\Anaconda\Lib\site-packages\sklearn\metrics\_classification.py:407: UserWarning: A single label was found in 'y_true' and 'y_pred'. For the confusion matrix to have the correct shape, use the 'labels' parameter to pass all known labels.
    warnings.warn(

-- Docs: https://docs.pytest.org/en/stable/how-to/capture-warnings.html
===== 136 passed, 43 skipped, 78 warnings in 122909.19s (1 day, 10:08:29) =====
